<?xml version="1.0" encoding="UTF-8"?>
<!-- Generated by org.testng.reporters.JUnitReportReporter -->
<testsuite hostname="WINDOWS-1DOT8LB" failures="0" tests="1" name="iNetBankingV1.iNetBankingV1.AppTest" time="0.005" errors="0" timestamp="2023-07-31T20:20:12 EDT" skipped="0">
  <testcase classname="iNetBankingV1.iNetBankingV1.AppTest" name="shouldAnswerWithTrue" time="0.005"/>
  <system-out/>
</testsuite> <!-- iNetBankingV1.iNetBankingV1.AppTest -->
